\BOOKMARK [0][-]{chapter.1}{Introdu\347\343o}{}% 1
\BOOKMARK [1][-]{section.1.1}{Introdu\347\343o}{chapter.1}% 2
\BOOKMARK [1][-]{section.1.2}{Justificativa}{chapter.1}% 3
\BOOKMARK [0][-]{chapter.2}{T\355tulo do Cap\355tulo}{}% 4
\BOOKMARK [1][-]{section.2.1}{Introdu\347\343o}{chapter.2}% 5
\BOOKMARK [1][-]{section.2.2}{Contextualiza\347\343o}{chapter.2}% 6
\BOOKMARK [0][-]{chapter.3}{T\355tulo do Cap\355tulo}{}% 7
\BOOKMARK [1][-]{section.3.1}{Introdu\347\343o}{chapter.3}% 8
\BOOKMARK [1][-]{section.3.2}{Contextualiza\347\343o}{chapter.3}% 9
\BOOKMARK [0][-]{chapter.4}{T\355tulo do Cap\355tulo}{}% 10
\BOOKMARK [1][-]{section.4.1}{Introdu\347\343o}{chapter.4}% 11
\BOOKMARK [1][-]{section.4.2}{Contextualiza\347\343o}{chapter.4}% 12
\BOOKMARK [0][-]{chapter.5}{T\355tulo do Cap\355tulo}{}% 13
\BOOKMARK [1][-]{section.5.1}{Introdu\347\343o}{chapter.5}% 14
\BOOKMARK [1][-]{section.5.2}{Contextualiza\347\343o}{chapter.5}% 15
\BOOKMARK [0][-]{chapter.6}{T\355tulo do Cap\355tulo}{}% 16
\BOOKMARK [1][-]{section.6.1}{Introdu\347\343o}{chapter.6}% 17
\BOOKMARK [1][-]{section.6.2}{Contextualiza\347\343o}{chapter.6}% 18
\BOOKMARK [0][-]{chapter.7}{T\355tulo do Cap\355tulo}{}% 19
\BOOKMARK [1][-]{section.7.1}{Introdu\347\343o}{chapter.7}% 20
\BOOKMARK [1][-]{section.7.2}{Contextualiza\347\343o}{chapter.7}% 21
\BOOKMARK [0][-]{figure.caption.15}{Refer\352ncias Bibliogr\341ficas}{}% 22
